2019-09-18T14:07:46.104228-0300 INFO Receiving parameters.
2019-09-18T14:08:05.170773-0300 INFO Receiving parameters.
2019-09-18T14:08:13.400839-0300 INFO Receiving parameters.
2019-09-18T14:08:54.998264-0300 INFO Receiving parameters.
2019-09-18T14:09:42.471357-0300 INFO Receiving parameters.
2019-09-18T14:09:54.503776-0300 INFO Receiving parameters.
2019-09-18T14:10:17.027083-0300 INFO Receiving parameters.
2019-09-18T14:10:46.157485-0300 INFO Receiving parameters.
2019-09-18T14:11:14.341974-0300 INFO Receiving parameters.
2019-09-18T14:11:29.673869-0300 INFO Receiving parameters.
2019-09-18T14:11:43.721778-0300 INFO Receiving parameters.
2019-09-18T14:12:01.063744-0300 INFO Receiving parameters.
2019-09-18T14:12:10.622926-0300 INFO Receiving parameters.
2019-09-18T14:12:18.787786-0300 INFO Receiving parameters.
2019-09-18T14:12:33.289892-0300 INFO Receiving parameters.
2019-09-18T14:12:41.150682-0300 INFO Receiving parameters.
2019-09-18T14:12:47.209201-0300 INFO Receiving parameters.
2019-09-18T14:12:58.897620-0300 INFO Receiving parameters.
2019-09-18T14:13:04.394096-0300 INFO Receiving parameters.
2019-09-18T14:13:23.963385-0300 INFO Receiving parameters.
2019-09-18T14:14:01.524438-0300 INFO Receiving parameters.
2019-09-18T14:14:07.306629-0300 INFO Receiving parameters.
2019-09-18T14:14:26.142602-0300 INFO Receiving parameters.
2019-09-18T14:14:40.385311-0300 INFO Receiving parameters.
2019-09-18T14:15:56.146315-0300 INFO Receiving parameters.
2019-09-18T14:16:08.469045-0300 INFO Receiving parameters.
2019-09-18T14:16:21.992762-0300 INFO Receiving parameters.
2019-09-18T14:16:31.629096-0300 INFO Receiving parameters.
2019-09-18T14:16:46.951257-0300 INFO Receiving parameters.
2019-09-18T14:16:57.275632-0300 INFO Receiving parameters.
2019-09-18T14:17:11.443300-0300 INFO Receiving parameters.
2019-09-18T14:17:42.151573-0300 INFO Receiving parameters.
2019-09-18T14:17:47.557716-0300 INFO Receiving parameters.
2019-09-18T14:18:49.281941-0300 INFO Receiving parameters.
2019-09-18T14:19:11.691764-0300 INFO Receiving parameters.
2019-09-18T14:19:33.307690-0300 INFO Receiving parameters.
2019-09-18T14:19:38.486634-0300 INFO Receiving parameters.
2019-09-18T14:21:56.887866-0300 INFO Receiving parameters.
2019-09-18T14:22:05.615683-0300 INFO Receiving parameters.
2019-09-18T14:28:38.678115-0300 INFO Receiving parameters.
2019-09-18T14:28:48.079171-0300 INFO Receiving parameters.
2019-09-18T14:28:53.860725-0300 INFO Receiving parameters.
2019-09-18T14:29:06.758693-0300 INFO Receiving parameters.
2019-09-18T14:29:19.447925-0300 INFO Receiving parameters.
2019-09-18T14:29:40.878112-0300 INFO Receiving parameters.
2019-09-18T14:29:58.320420-0300 INFO Receiving parameters.
2019-09-18T14:30:05.389853-0300 INFO Receiving parameters.
2019-09-18T14:30:14.216805-0300 INFO Receiving parameters.
2019-09-18T14:30:53.777787-0300 INFO Receiving parameters.
2019-09-18T15:02:14.444732-0300 INFO Receiving parameters.
2019-09-18T15:02:22.954296-0300 INFO Receiving parameters.
2019-09-18T15:02:50.589943-0300 INFO Receiving parameters.
2019-09-18T15:03:00.364555-0300 INFO Receiving parameters.
2019-09-18T15:03:14.103638-0300 INFO Receiving parameters.
2019-09-18T15:03:15.255210-0300 INFO Receiving parameters.
2019-09-18T15:03:29.732403-0300 INFO Receiving parameters.
2019-09-18T15:03:41.783238-0300 INFO Receiving parameters.
2019-09-18T15:04:44.475583-0300 INFO Receiving parameters.
2019-09-18T15:05:01.845340-0300 INFO Receiving parameters.
2019-09-18T15:05:22.225020-0300 INFO Receiving parameters.
2019-09-18T15:06:17.100288-0300 INFO Receiving parameters.
2019-09-18T15:06:39.045214-0300 INFO Receiving parameters.
2019-09-18T15:09:59.273707-0300 INFO Receiving parameters.
2019-09-18T15:10:50.909876-0300 INFO Receiving parameters.
2019-09-18T15:12:06.060694-0300 INFO Receiving parameters.
2019-09-18T15:12:16.027430-0300 INFO Receiving parameters.
2019-09-18T15:12:26.705836-0300 INFO Receiving parameters.
2019-09-18T15:12:34.219207-0300 INFO Receiving parameters.
2019-09-18T15:13:34.266500-0300 INFO Receiving parameters.
2019-09-18T15:14:38.135516-0300 INFO Receiving parameters.
2019-09-18T15:14:48.160216-0300 INFO Receiving parameters.
2019-09-18T15:15:24.040603-0300 INFO Receiving parameters.
2019-09-18T15:20:46.395450-0300 INFO Receiving parameters.
2019-09-18T15:20:56.575812-0300 INFO Receiving parameters.
2019-09-18T15:21:11.872095-0300 INFO Receiving parameters.
2019-09-18T15:21:26.147188-0300 INFO Receiving parameters.
2019-09-18T15:21:43.496823-0300 INFO Receiving parameters.
2019-09-18T15:21:53.860330-0300 INFO Receiving parameters.
2019-09-18T15:23:30.302263-0300 INFO Receiving parameters.
2019-09-18T15:23:44.548112-0300 INFO Receiving parameters.
2019-09-18T15:23:58.781002-0300 INFO Receiving parameters.
2019-09-18T15:24:06.082391-0300 INFO Receiving parameters.
2019-09-18T15:24:22.290379-0300 INFO Receiving parameters.
2019-09-18T15:24:32.205291-0300 INFO Receiving parameters.
2019-09-18T15:24:38.533808-0300 INFO Receiving parameters.
2019-09-18T15:25:01.992449-0300 INFO Receiving parameters.
2019-09-18T15:25:37.920972-0300 INFO Receiving parameters.
2019-09-18T15:28:46.942443-0300 INFO Receiving parameters.
2019-09-18T16:35:05.885694-0300 INFO Receiving parameters.
2019-09-18T16:35:05.886100-0300 INFO Processing sentence.
2019-09-18T16:35:05.888580-0300 INFO Classification -> OK
2019-09-18T16:35:31.650007-0300 INFO Receiving parameters.
2019-09-18T16:35:31.650404-0300 INFO Processing batchs
2019-09-18T16:35:31.652871-0300 INFO Probability -> OK
2019-09-18T16:39:41.470277-0300 INFO Receiving parameters.
2019-09-18T16:39:41.470838-0300 INFO Processing batchs
2019-09-18T16:39:41.473642-0300 INFO Probability -> OK
2019-09-19T08:56:29.556206-0300 INFO Receiving parameters.
2019-09-19T08:56:29.556612-0300 INFO Processing sentence.
2019-09-19T08:56:43.039299-0300 INFO Receiving parameters.
2019-09-19T08:56:43.039865-0300 INFO Processing sentence.
2019-09-19T08:56:43.042966-0300 INFO Classification -> OK
2019-09-19T08:56:54.378895-0300 INFO Receiving parameters.
2019-09-19T08:56:54.379217-0300 INFO Processing sentence.
2019-09-19T08:56:54.380474-0300 INFO Classification -> OK
2019-09-19T08:56:59.342661-0300 INFO Receiving parameters.
2019-09-19T08:56:59.343015-0300 INFO Processing sentence.
2019-09-19T08:56:59.344557-0300 INFO Classification -> OK
2019-09-19T08:57:23.982964-0300 INFO Receiving parameters.
2019-09-19T08:57:23.983388-0300 INFO Processing sentence.
2019-09-19T08:57:23.986772-0300 INFO Classification -> OK
2019-09-19T08:57:47.840003-0300 INFO Receiving parameters.
2019-09-19T08:57:47.840342-0300 INFO Processing sentence.
2019-09-19T08:57:47.841618-0300 INFO Classification -> OK
2019-11-01T10:28:36.411132-0300 INFO Receiving parameters.
2019-11-01T10:28:36.415268-0300 INFO Processing batchs
2019-11-01T10:28:36.422354-0300 INFO Probability -> OK
2019-11-01T10:28:59.675070-0300 INFO Receiving parameters.
2019-11-01T10:28:59.675728-0300 INFO Processing sentence.
2019-11-01T10:28:59.677604-0300 INFO Classification -> OK
2019-11-01T10:29:11.726145-0300 INFO Receiving parameters.
2019-11-01T10:29:11.726542-0300 INFO Processing sentence.
2019-11-01T10:29:11.727735-0300 INFO Classification -> OK
2019-11-01T10:29:46.717315-0300 INFO Receiving parameters.
2019-11-01T10:29:46.717806-0300 INFO Processing sentence.
2019-11-01T10:29:46.719396-0300 INFO Classification -> OK
2019-11-01T10:29:59.781562-0300 INFO Receiving parameters.
2019-11-01T10:29:59.781999-0300 INFO Processing sentence.
2019-11-01T10:29:59.782913-0300 INFO Classification -> OK
2019-11-01T10:30:12.201079-0300 INFO Receiving parameters.
2019-11-01T10:30:12.201496-0300 INFO Processing sentence.
2019-11-01T10:30:12.202504-0300 INFO Classification -> OK
2019-11-01T10:30:26.119114-0300 INFO Receiving parameters.
2019-11-01T10:30:26.119515-0300 INFO Processing sentence.
2019-11-01T10:30:26.120686-0300 INFO Classification -> OK
2019-11-01T10:30:53.440867-0300 INFO Receiving parameters.
2019-11-01T10:30:53.441305-0300 INFO Processing batchs
2019-11-01T10:30:53.449964-0300 INFO Probability -> OK
2019-11-01T10:30:59.154385-0300 INFO Receiving parameters.
2019-11-01T10:30:59.154853-0300 INFO Processing batchs
2019-11-01T10:30:59.162149-0300 INFO Probability -> OK
2019-11-01T10:31:22.829272-0300 INFO Receiving parameters.
2019-11-01T10:31:22.829705-0300 INFO Processing sentence.
2019-11-01T10:31:22.830744-0300 INFO Classification -> OK
2019-11-01T10:31:31.452954-0300 INFO Receiving parameters.
2019-11-01T10:31:31.453450-0300 INFO Processing sentence.
2019-11-01T10:31:31.454679-0300 INFO Classification -> OK
2019-11-01T10:31:43.263413-0300 INFO Receiving parameters.
2019-11-01T10:31:43.263816-0300 INFO Processing batchs
2019-11-01T10:31:43.271870-0300 INFO Probability -> OK
2019-11-01T10:32:01.890730-0300 INFO Receiving parameters.
2019-11-01T10:32:01.891186-0300 INFO Processing sentence.
2019-11-01T10:32:01.892440-0300 INFO Classification -> OK
2019-11-01T10:32:13.220349-0300 INFO Receiving parameters.
2019-11-01T10:32:13.220794-0300 INFO Processing sentence.
2019-11-01T10:32:13.222105-0300 INFO Classification -> OK
2019-11-01T10:32:27.205691-0300 INFO Receiving parameters.
2019-11-01T10:32:27.206098-0300 INFO Processing batchs
2019-11-01T10:32:27.213269-0300 INFO Probability -> OK
2019-11-01T10:34:33.206303-0300 INFO Receiving parameters.
2019-11-01T10:34:33.206777-0300 INFO Processing sentence.
2019-11-01T10:34:33.207926-0300 INFO Classification -> OK
2019-11-01T10:34:51.649791-0300 INFO Receiving parameters.
2019-11-01T10:34:51.650160-0300 INFO Processing sentence.
2019-11-01T10:34:51.651090-0300 INFO Classification -> OK
2019-11-01T10:35:00.120863-0300 INFO Receiving parameters.
2019-11-01T10:35:00.121268-0300 INFO Processing sentence.
2019-11-01T10:35:00.122189-0300 INFO Classification -> OK
2019-11-01T10:35:25.247285-0300 INFO Receiving parameters.
2019-11-01T10:35:25.247650-0300 INFO Processing sentence.
2019-11-01T10:35:25.248677-0300 INFO Classification -> OK
2019-11-01T10:36:24.120362-0300 INFO Receiving parameters.
2019-11-01T10:36:24.120731-0300 INFO Processing sentence.
2019-11-01T10:36:24.121907-0300 INFO Classification -> OK
2019-11-01T10:38:30.513900-0300 INFO Receiving parameters.
2019-11-01T10:38:30.514284-0300 INFO Processing sentence.
2019-11-01T10:38:30.515237-0300 INFO Classification -> OK
2019-11-01T10:47:11.077156-0300 INFO Receiving parameters.
2019-11-01T10:47:11.077662-0300 INFO Processing sentence.
2019-11-01T10:47:11.079270-0300 INFO Classification -> OK
2019-11-01T10:47:17.636601-0300 INFO Receiving parameters.
2019-11-01T10:47:17.636923-0300 INFO Processing sentence.
2019-11-01T10:47:17.637812-0300 INFO Classification -> OK
2019-11-01T10:47:29.863841-0300 INFO Receiving parameters.
2019-11-01T10:47:29.864314-0300 INFO Processing sentence.
2019-11-01T10:47:29.865612-0300 INFO Classification -> OK
2019-11-01T10:47:59.937267-0300 INFO Receiving parameters.
2019-11-01T10:47:59.937770-0300 INFO Processing batchs
2019-11-01T10:47:59.944433-0300 INFO Probability -> OK
2019-11-01T15:28:47.916296-0300 INFO Receiving parameters.
2019-11-01T15:28:47.917107-0300 INFO Processing sentence.
2019-11-01T15:28:47.922391-0300 INFO Classification -> OK
2019-11-01T15:29:14.104592-0300 INFO Receiving parameters.
2019-11-01T15:29:14.104932-0300 INFO Processing sentence.
2019-11-01T15:29:14.106041-0300 INFO Classification -> OK
2019-11-01T15:29:30.455398-0300 INFO Receiving parameters.
2019-11-01T15:29:30.455851-0300 INFO Processing sentence.
2019-11-01T15:29:30.456887-0300 INFO Classification -> OK
2019-11-01T15:29:58.241780-0300 INFO Receiving parameters.
2019-11-01T15:29:58.242299-0300 INFO Processing sentence.
2019-11-01T15:29:58.243927-0300 INFO Classification -> OK
2019-11-01T15:30:09.439270-0300 INFO Receiving parameters.
2019-11-01T15:30:09.439659-0300 INFO Processing sentence.
2019-11-01T15:30:09.440914-0300 INFO Classification -> OK
2019-11-01T15:30:51.331407-0300 INFO Receiving parameters.
2019-11-01T15:30:51.331876-0300 INFO Processing sentence.
2019-11-01T15:30:51.333618-0300 INFO Classification -> OK
